TN:
SF:src/services/admin.ts
FN:47,(anonymous_19)
FN:54,(anonymous_21)
FN:65,(anonymous_24)
FN:84,(anonymous_27)
FNF:4
FNH:4
FNDA:36,(anonymous_19)
FNDA:2,(anonymous_21)
FNDA:1,(anonymous_24)
FNDA:1,(anonymous_27)
DA:6,18
DA:47,18
DA:54,18
DA:55,2
DA:56,2
DA:57,2
DA:65,18
DA:66,1
DA:74,1
DA:76,1
DA:84,18
DA:85,1
DA:99,1
DA:101,1
DA:103,18
LF:15
LH:15
BRF:0
BRH:0
end_of_record
TN:
SF:src/services/adminFavorites.ts
FN:21,(anonymous_19)
FN:28,(anonymous_21)
FN:42,(anonymous_24)
FN:56,(anonymous_27)
FN:83,(anonymous_30)
FN:95,(anonymous_33)
FN:108,(anonymous_36)
FN:121,(anonymous_39)
FN:141,(anonymous_42)
FNF:9
FNH:9
FNDA:36,(anonymous_19)
FNDA:2,(anonymous_21)
FNDA:2,(anonymous_24)
FNDA:3,(anonymous_27)
FNDA:2,(anonymous_30)
FNDA:9,(anonymous_33)
FNDA:2,(anonymous_36)
FNDA:1,(anonymous_39)
FNDA:2,(anonymous_42)
DA:6,18
DA:21,18
DA:28,18
DA:29,2
DA:30,2
DA:31,2
DA:33,2
DA:42,18
DA:43,2
DA:44,2
DA:45,2
DA:47,2
DA:56,18
DA:57,3
DA:59,4
DA:60,2
DA:62,2
DA:69,2
DA:70,4
DA:72,2
DA:74,1
DA:83,18
DA:84,2
DA:85,2
DA:86,4
DA:95,18
DA:96,9
DA:97,9
DA:98,9
DA:100,9
DA:108,18
DA:109,2
DA:110,2
DA:111,2
DA:113,2
DA:121,18
DA:122,1
DA:129,1
DA:130,1
DA:132,1
DA:141,18
DA:142,2
DA:150,2
DA:151,2
DA:153,2
DA:155,18
LF:46
LH:46
BRDA:57,0,0,3
BRDA:57,0,1,1
BRDA:59,1,0,1
BRDA:59,1,1,2
BRF:4
BRH:4
end_of_record
TN:
SF:src/services/image.ts
FN:27,(anonymous_19)
FN:34,(anonymous_21)
FN:50,(anonymous_24)
FN:64,(anonymous_27)
FN:77,(anonymous_30)
FNF:5
FNH:5
FNDA:36,(anonymous_19)
FNDA:16,(anonymous_21)
FNDA:4,(anonymous_24)
FNDA:6,(anonymous_27)
FNDA:18,(anonymous_30)
DA:6,18
DA:27,18
DA:34,18
DA:35,16
DA:37,16
DA:38,16
DA:39,32
DA:41,16
DA:50,18
DA:51,4
DA:52,4
DA:53,4
DA:55,4
DA:64,18
DA:65,6
DA:66,6
DA:67,6
DA:69,6
DA:77,18
DA:78,18
DA:79,18
DA:80,36
DA:82,18
LF:23
LH:23
BRDA:35,0,0,16
BRF:1
BRH:1
end_of_record
TN:
SF:src/services/locationType.ts
FN:33,(anonymous_19)
FN:39,(anonymous_21)
FN:52,(anonymous_24)
FN:66,(anonymous_27)
FNF:4
FNH:4
FNDA:36,(anonymous_19)
FNDA:1,(anonymous_21)
FNDA:4,(anonymous_24)
FNDA:3,(anonymous_27)
DA:6,18
DA:33,18
DA:39,18
DA:40,1
DA:41,1
DA:43,1
DA:52,18
DA:53,4
DA:54,4
DA:55,4
DA:57,4
DA:66,18
DA:67,3
DA:68,3
DA:69,3
DA:71,3
DA:73,18
LF:17
LH:17
BRDA:57,0,0,1
BRDA:57,0,1,3
BRDA:57,1,0,4
BRDA:57,1,1,4
BRF:4
BRH:4
end_of_record
TN:
SF:src/services/meta.ts
FN:33,(anonymous_19)
FN:40,(anonymous_21)
FN:54,(anonymous_24)
FN:68,(anonymous_27)
FN:96,(anonymous_30)
FN:107,(anonymous_33)
FNF:6
FNH:6
FNDA:36,(anonymous_19)
FNDA:6,(anonymous_21)
FNDA:23,(anonymous_24)
FNDA:3,(anonymous_27)
FNDA:2,(anonymous_30)
FNDA:1,(anonymous_33)
DA:6,18
DA:33,18
DA:40,18
DA:41,6
DA:42,6
DA:43,6
DA:45,6
DA:54,18
DA:55,23
DA:56,23
DA:57,23
DA:59,23
DA:68,18
DA:69,3
DA:74,3
DA:75,2
DA:82,2
DA:84,1
DA:85,1
DA:88,6
DA:96,18
DA:97,2
DA:98,2
DA:99,4
DA:107,18
DA:108,1
DA:109,1
DA:110,1
DA:112,1
DA:114,18
LF:30
LH:30
BRDA:59,0,0,1
BRDA:59,0,1,22
BRDA:59,1,0,23
BRDA:59,1,1,23
BRDA:69,2,0,3
BRDA:74,3,0,2
BRDA:74,3,1,1
BRF:7
BRH:7
end_of_record
TN:
SF:src/services/passwordReset.ts
FN:33,(anonymous_19)
FN:41,(anonymous_21)
FN:99,(anonymous_24)
FN:113,(anonymous_27)
FN:126,(anonymous_30)
FN:139,(anonymous_33)
FNF:6
FNH:6
FNDA:36,(anonymous_19)
FNDA:6,(anonymous_21)
FNDA:3,(anonymous_24)
FNDA:4,(anonymous_27)
FNDA:3,(anonymous_30)
FNDA:3,(anonymous_33)
DA:6,18
DA:33,18
DA:41,18
DA:43,6
DA:46,6
DA:48,6
DA:49,1
DA:53,5
DA:54,5
DA:56,5
DA:57,1
DA:61,4
DA:62,4
DA:63,4
DA:65,4
DA:66,1
DA:70,3
DA:76,3
DA:83,3
DA:84,6
DA:86,3
DA:87,0
DA:90,3
DA:99,18
DA:100,3
DA:101,3
DA:102,3
DA:104,3
DA:113,18
DA:114,4
DA:115,4
DA:116,4
DA:118,4
DA:126,18
DA:127,3
DA:128,3
DA:129,6
DA:139,18
DA:143,3
DA:145,3
DA:146,1
DA:149,2
DA:151,2
DA:152,1
DA:155,2
DA:156,2
DA:158,1
DA:160,18
LF:48
LH:47
BRDA:43,0,0,0
BRDA:43,0,1,6
BRDA:46,1,0,6
BRDA:48,2,0,1
BRDA:48,2,1,5
BRDA:56,3,0,1
BRDA:56,3,1,4
BRDA:65,4,0,1
BRDA:65,4,1,3
BRDA:86,5,0,0
BRDA:86,5,1,3
BRDA:143,6,0,3
BRDA:145,7,0,1
BRDA:145,7,1,2
BRDA:151,8,0,1
BRDA:151,8,1,1
BRF:16
BRH:14
end_of_record
TN:
SF:src/services/post.ts
FN:100,(anonymous_19)
FN:117,(anonymous_21)
FN:172,(anonymous_24)
FN:186,(anonymous_27)
FN:199,(anonymous_30)
FN:220,(anonymous_33)
FN:237,(anonymous_36)
FN:254,(anonymous_39)
FN:273,(anonymous_42)
FN:278,(anonymous_45)
FN:288,(anonymous_46)
FN:303,(anonymous_47)
FN:317,(anonymous_50)
FN:329,(anonymous_53)
FN:340,(anonymous_56)
FN:353,(anonymous_59)
FN:367,(anonymous_62)
FN:381,(anonymous_65)
FNF:18
FNH:18
FNDA:36,(anonymous_19)
FNDA:8,(anonymous_21)
FNDA:6,(anonymous_24)
FNDA:3,(anonymous_27)
FNDA:7,(anonymous_30)
FNDA:2,(anonymous_33)
FNDA:2,(anonymous_36)
FNDA:2,(anonymous_39)
FNDA:14,(anonymous_42)
FNDA:2,(anonymous_45)
FNDA:2,(anonymous_46)
FNDA:3,(anonymous_47)
FNDA:1,(anonymous_50)
FNDA:2,(anonymous_53)
FNDA:5,(anonymous_56)
FNDA:4,(anonymous_59)
FNDA:4,(anonymous_62)
FNDA:2,(anonymous_65)
DA:6,18
DA:100,18
DA:117,18
DA:126,15
DA:127,15
DA:128,15
DA:130,8
DA:131,8
DA:132,8
DA:134,8
DA:143,8
DA:158,16
DA:160,16
DA:161,16
DA:163,8
DA:172,18
DA:173,6
DA:174,6
DA:175,6
DA:177,6
DA:186,18
DA:187,3
DA:188,3
DA:189,3
DA:191,3
DA:199,18
DA:200,7
DA:201,7
DA:202,7
DA:204,14
DA:206,7
DA:207,7
DA:208,14
DA:210,7
DA:211,14
DA:220,18
DA:221,2
DA:222,2
DA:223,2
DA:225,2
DA:226,2
DA:228,2
DA:237,18
DA:238,2
DA:239,2
DA:240,2
DA:242,2
DA:243,2
DA:245,2
DA:254,18
DA:255,2
DA:262,2
DA:263,2
DA:265,2
DA:273,18
DA:274,14
DA:275,14
DA:276,14
DA:278,14
DA:280,28
DA:281,4
DA:284,14
DA:285,14
DA:286,28
DA:288,14
DA:290,27
DA:291,1
DA:292,1
DA:293,2
DA:303,18
DA:304,3
DA:305,3
DA:306,3
DA:308,3
DA:317,18
DA:318,1
DA:319,1
DA:320,2
DA:329,18
DA:330,2
DA:340,18
DA:344,5
DA:353,18
DA:354,4
DA:355,4
DA:356,4
DA:358,4
DA:367,18
DA:369,7
DA:371,4
DA:372,4
DA:373,8
DA:381,18
DA:382,2
DA:398,2
DA:400,2
DA:402,18
LF:97
LH:97
BRDA:126,0,0,7
BRDA:126,0,1,1
BRDA:127,1,0,7
BRDA:127,1,1,1
BRDA:128,2,0,7
BRDA:128,2,1,1
BRDA:130,3,0,8
BRDA:210,4,0,1
BRDA:210,4,1,6
BRDA:210,5,0,7
BRDA:210,5,1,7
BRDA:225,6,0,1
BRDA:225,6,1,1
BRDA:225,7,0,2
BRDA:225,7,1,2
BRDA:242,8,0,1
BRDA:242,8,1,1
BRDA:242,9,0,2
BRDA:242,9,1,2
BRDA:280,10,0,14
BRDA:280,10,1,2
BRDA:290,11,0,13
BRDA:290,11,1,1
BRDA:308,12,0,1
BRDA:308,12,1,2
BRDA:308,13,0,3
BRDA:308,13,1,3
BRDA:330,14,0,2
BRDA:330,14,1,2
BRDA:344,15,0,5
BRDA:344,15,1,5
BRDA:358,16,0,1
BRDA:358,16,1,3
BRDA:358,17,0,4
BRDA:358,17,1,4
BRDA:369,18,0,3
BRDA:369,18,1,1
BRF:37
BRH:37
end_of_record
TN:
SF:src/services/postImage.ts
FN:34,(anonymous_19)
FN:41,(anonymous_21)
FN:62,(anonymous_24)
FN:81,(anonymous_27)
FN:98,(anonymous_30)
FN:118,(anonymous_33)
FN:131,(anonymous_36)
FN:136,(anonymous_39)
FNF:8
FNH:8
FNDA:36,(anonymous_19)
FNDA:7,(anonymous_21)
FNDA:13,(anonymous_24)
FNDA:12,(anonymous_27)
FNDA:14,(anonymous_30)
FNDA:7,(anonymous_33)
FNDA:10,(anonymous_36)
FNDA:13,(anonymous_39)
DA:6,18
DA:34,18
DA:41,18
DA:42,7
DA:50,7
DA:51,7
DA:53,7
DA:62,18
DA:63,13
DA:70,13
DA:71,26
DA:81,18
DA:85,12
DA:86,24
DA:88,12
DA:98,18
DA:102,14
DA:104,34
DA:105,10
DA:106,10
DA:109,14
DA:118,18
DA:119,7
DA:120,7
DA:121,7
DA:123,7
DA:131,18
DA:132,10
DA:133,10
DA:134,10
DA:136,13
DA:138,10
DA:139,10
DA:140,20
DA:142,11
DA:143,9
DA:144,9
DA:145,18
DA:148,18
LF:39
LH:39
BRDA:85,0,0,12
BRDA:109,1,0,14
BRDA:104,2,0,14
BRDA:104,2,1,10
BRDA:142,3,0,1
BRDA:142,3,1,9
BRF:6
BRH:6
end_of_record
TN:
SF:src/services/program.ts
FN:47,(anonymous_19)
FN:54,(anonymous_21)
FN:78,(anonymous_24)
FN:92,(anonymous_27)
FN:104,(anonymous_30)
FN:116,(anonymous_33)
FN:130,(anonymous_36)
FN:144,(anonymous_39)
FN:158,(anonymous_42)
FNF:9
FNH:9
FNDA:36,(anonymous_19)
FNDA:1,(anonymous_21)
FNDA:2,(anonymous_24)
FNDA:2,(anonymous_27)
FNDA:1,(anonymous_30)
FNDA:3,(anonymous_33)
FNDA:2,(anonymous_36)
FNDA:1,(anonymous_39)
FNDA:1,(anonymous_42)
DA:6,18
DA:47,18
DA:54,18
DA:55,1
DA:62,1
DA:63,1
DA:64,1
DA:69,1
DA:78,18
DA:79,2
DA:80,2
DA:81,2
DA:83,2
DA:92,18
DA:93,2
DA:94,2
DA:95,2
DA:97,2
DA:104,18
DA:105,1
DA:106,1
DA:107,2
DA:116,18
DA:117,3
DA:118,3
DA:119,3
DA:121,3
DA:130,18
DA:134,2
DA:135,2
DA:136,4
DA:144,18
DA:145,1
DA:146,1
DA:147,1
DA:149,1
DA:158,18
DA:159,1
DA:160,1
DA:161,1
DA:163,1
DA:165,18
LF:42
LH:42
BRF:0
BRH:0
end_of_record
TN:
SF:src/services/query.ts
FN:41,(anonymous_19)
FN:48,(anonymous_21)
FN:82,(anonymous_24)
FNF:3
FNH:3
FNDA:36,(anonymous_19)
FNDA:4,(anonymous_21)
FNDA:12,(anonymous_24)
DA:6,18
DA:41,18
DA:48,18
DA:49,4
DA:51,4
DA:68,4
DA:69,4
DA:71,4
DA:82,18
DA:85,23
DA:87,12
DA:94,12
DA:102,12
DA:127,12
DA:139,12
DA:141,12
DA:142,12
DA:144,12
DA:145,6
DA:146,1
DA:148,1
DA:153,1
DA:154,5
DA:155,4
DA:156,4
DA:160,12
DA:161,12
DA:163,12
DA:165,18
LF:29
LH:29
BRDA:85,0,0,11
BRDA:85,0,1,1
BRDA:102,1,0,11
BRDA:102,1,1,1
BRDA:145,2,0,1
BRDA:145,2,1,5
BRDA:154,3,0,4
BRDA:154,3,1,1
BRF:8
BRH:8
end_of_record
TN:
SF:src/services/rating.ts
FN:43,(anonymous_20)
FN:50,(anonymous_22)
FN:74,(anonymous_25)
FN:88,(anonymous_28)
FN:101,(anonymous_31)
FNF:5
FNH:5
FNDA:36,(anonymous_20)
FNDA:9,(anonymous_22)
FNDA:2,(anonymous_25)
FNDA:4,(anonymous_28)
FNDA:8,(anonymous_31)
DA:6,18
DA:43,18
DA:50,18
DA:51,9
DA:52,9
DA:53,9
DA:55,9
DA:62,9
DA:63,18
DA:65,9
DA:74,18
DA:75,2
DA:76,2
DA:77,2
DA:79,2
DA:88,18
DA:89,4
DA:90,4
DA:91,4
DA:93,4
DA:101,18
DA:102,8
DA:103,8
DA:104,16
DA:106,18
LF:25
LH:25
BRDA:51,0,0,9
BRF:1
BRH:1
end_of_record
TN:
SF:src/services/session.ts
FN:42,(anonymous_19)
FN:50,(anonymous_21)
FN:84,(anonymous_24)
FN:98,(anonymous_27)
FN:111,(anonymous_30)
FN:123,(anonymous_33)
FN:136,(anonymous_36)
FN:148,(anonymous_39)
FN:162,(anonymous_42)
FN:177,(anonymous_45)
FNF:10
FNH:10
FNDA:36,(anonymous_19)
FNDA:3,(anonymous_21)
FNDA:5,(anonymous_24)
FNDA:2,(anonymous_27)
FNDA:1,(anonymous_30)
FNDA:2,(anonymous_33)
FNDA:15,(anonymous_36)
FNDA:3,(anonymous_39)
FNDA:1,(anonymous_42)
FNDA:1,(anonymous_45)
DA:6,18
DA:42,18
DA:50,18
DA:52,3
DA:54,3
DA:60,3
DA:67,3
DA:68,3
DA:69,6
DA:71,3
DA:72,0
DA:75,3
DA:84,18
DA:85,5
DA:86,5
DA:87,5
DA:89,5
DA:98,18
DA:99,2
DA:100,2
DA:101,2
DA:103,2
DA:111,18
DA:112,1
DA:113,1
DA:114,2
DA:123,18
DA:124,2
DA:125,2
DA:126,2
DA:128,2
DA:136,18
DA:137,15
DA:138,15
DA:139,30
DA:148,18
DA:149,3
DA:150,3
DA:151,3
DA:153,3
DA:162,18
DA:163,1
DA:165,1
DA:166,1
DA:167,1
DA:169,1
DA:177,18
DA:179,1
DA:181,1
DA:182,1
DA:183,2
DA:185,1
DA:186,0
DA:189,18
LF:54
LH:52
BRDA:52,0,0,0
BRDA:52,0,1,3
BRDA:54,1,0,3
BRDA:71,2,0,0
BRDA:71,2,1,3
BRDA:153,3,0,1
BRDA:153,3,1,2
BRDA:153,4,0,3
BRDA:153,4,1,3
BRDA:163,5,0,1
BRDA:179,6,0,0
BRDA:179,6,1,1
BRDA:185,7,0,0
BRDA:185,7,1,1
BRF:14
BRH:10
end_of_record
TN:
SF:src/services/suspended.ts
FN:38,(anonymous_19)
FN:47,(anonymous_21)
FN:87,(anonymous_24)
FN:101,(anonymous_27)
FN:114,(anonymous_30)
FN:126,(anonymous_33)
FN:139,(anonymous_36)
FNF:7
FNH:7
FNDA:36,(anonymous_19)
FNDA:2,(anonymous_21)
FNDA:2,(anonymous_24)
FNDA:2,(anonymous_27)
FNDA:2,(anonymous_30)
FNDA:7,(anonymous_33)
FNDA:1,(anonymous_36)
DA:6,18
DA:38,18
DA:47,18
DA:50,2
DA:52,2
DA:54,2
DA:55,2
DA:56,2
DA:58,3
DA:59,1
DA:66,1
DA:67,2
DA:69,2
DA:71,1
DA:72,0
DA:75,1
DA:77,1
DA:87,18
DA:88,2
DA:89,2
DA:90,2
DA:92,2
DA:101,18
DA:102,2
DA:103,2
DA:104,2
DA:106,2
DA:114,18
DA:115,2
DA:116,2
DA:117,4
DA:126,18
DA:127,7
DA:128,7
DA:129,7
DA:131,7
DA:139,18
DA:140,1
DA:149,1
DA:151,1
DA:153,18
LF:41
LH:40
BRDA:50,0,0,0
BRDA:50,0,1,2
BRDA:52,1,0,2
BRDA:52,1,1,1
BRDA:58,2,0,1
BRDA:58,2,1,1
BRDA:71,3,0,0
BRDA:71,3,1,1
BRF:8
BRH:6
end_of_record
TN:
SF:src/services/user.ts
FN:18,(anonymous_19)
FN:115,(anonymous_20)
FN:126,(anonymous_22)
FN:163,(anonymous_25)
FN:177,(anonymous_28)
FN:190,(anonymous_31)
FN:206,(anonymous_34)
FN:220,(anonymous_37)
FN:235,(anonymous_40)
FN:266,(anonymous_43)
FN:283,(anonymous_46)
FN:297,(anonymous_49)
FN:312,(anonymous_52)
FN:326,(anonymous_55)
FN:340,(anonymous_58)
FN:360,(anonymous_61)
FN:374,(anonymous_64)
FN:386,(anonymous_67)
FN:403,(anonymous_70)
FN:423,(anonymous_73)
FN:442,(anonymous_76)
FN:458,(anonymous_79)
FNF:22
FNH:22
FNDA:18,(anonymous_19)
FNDA:36,(anonymous_20)
FNDA:14,(anonymous_22)
FNDA:6,(anonymous_25)
FNDA:27,(anonymous_28)
FNDA:13,(anonymous_31)
FNDA:13,(anonymous_34)
FNDA:20,(anonymous_37)
FNDA:7,(anonymous_40)
FNDA:2,(anonymous_43)
FNDA:10,(anonymous_46)
FNDA:16,(anonymous_49)
FNDA:3,(anonymous_52)
FNDA:4,(anonymous_55)
FNDA:1,(anonymous_58)
FNDA:5,(anonymous_61)
FNDA:3,(anonymous_64)
FNDA:4,(anonymous_67)
FNDA:2,(anonymous_70)
FNDA:15,(anonymous_73)
FNDA:2,(anonymous_76)
FNDA:9,(anonymous_79)
DA:6,18
DA:18,18
DA:19,18
DA:20,18
DA:21,18
DA:115,18
DA:126,18
DA:133,14
DA:134,14
DA:136,14
DA:143,14
DA:152,28
DA:154,14
DA:163,18
DA:164,6
DA:165,6
DA:166,6
DA:168,6
DA:177,18
DA:178,27
DA:179,27
DA:180,27
DA:182,27
DA:190,18
DA:191,26
DA:192,26
DA:193,26
DA:195,13
DA:196,13
DA:197,26
DA:206,18
DA:207,13
DA:208,13
DA:209,13
DA:211,13
DA:220,18
DA:221,20
DA:222,20
DA:223,20
DA:225,20
DA:235,18
DA:236,7
DA:237,7
DA:238,7
DA:240,7
DA:241,7
DA:242,7
DA:243,3
DA:246,4
DA:249,4
DA:250,1
DA:253,3
DA:254,3
DA:255,6
DA:257,3
DA:266,18
DA:267,2
DA:268,2
DA:269,2
DA:271,2
DA:272,2
DA:274,2
DA:283,18
DA:284,10
DA:285,10
DA:286,10
DA:288,10
DA:297,18
DA:299,30
DA:301,16
DA:302,16
DA:303,32
DA:312,18
DA:313,3
DA:314,3
DA:315,3
DA:317,3
DA:326,18
DA:328,7
DA:330,4
DA:331,4
DA:332,8
DA:340,18
DA:341,1
DA:349,1
DA:351,1
DA:360,18
DA:361,5
DA:362,5
DA:363,5
DA:365,5
DA:374,18
DA:375,3
DA:376,3
DA:377,6
DA:386,18
DA:387,4
DA:388,4
DA:389,4
DA:391,4
DA:392,4
DA:394,4
DA:403,18
DA:404,2
DA:405,2
DA:406,2
DA:408,2
DA:410,2
DA:411,2
DA:412,4
DA:414,2
DA:415,4
DA:423,18
DA:424,15
DA:425,15
DA:426,15
DA:428,15
DA:429,15
DA:430,30
DA:432,15
DA:433,30
DA:442,18
DA:446,2
DA:448,2
DA:449,2
DA:450,4
DA:458,18
DA:459,9
DA:460,9
DA:461,18
DA:463,18
LF:131
LH:131
BRDA:18,0,0,18
BRDA:18,0,1,18
BRDA:133,1,0,14
BRDA:191,2,0,13
BRDA:240,3,0,7
BRDA:240,3,1,1
BRDA:240,4,0,1
BRDA:240,4,1,6
BRDA:240,5,0,7
BRDA:240,5,1,7
BRDA:242,6,0,3
BRDA:242,6,1,4
BRDA:242,7,0,7
BRDA:242,7,1,6
BRDA:249,8,0,1
BRDA:249,8,1,3
BRDA:271,9,0,1
BRDA:271,9,1,1
BRDA:271,10,0,2
BRDA:271,10,1,2
BRDA:288,11,0,1
BRDA:288,11,1,9
BRDA:288,12,0,10
BRDA:288,12,1,10
BRDA:299,13,0,14
BRDA:299,13,1,2
BRDA:317,14,0,1
BRDA:317,14,1,2
BRDA:317,15,0,3
BRDA:317,15,1,3
BRDA:328,16,0,3
BRDA:328,16,1,1
BRDA:365,17,0,1
BRDA:365,17,1,4
BRDA:365,18,0,5
BRDA:365,18,1,5
BRDA:374,19,0,1
BRDA:374,19,1,2
BRDA:391,20,0,1
BRDA:391,20,1,3
BRDA:391,21,0,4
BRDA:391,21,1,4
BRDA:414,22,0,1
BRDA:414,22,1,1
BRDA:414,23,0,2
BRDA:414,23,1,2
BRDA:432,24,0,1
BRDA:432,24,1,14
BRDA:432,25,0,15
BRDA:432,25,1,15
BRDA:446,26,0,2
BRF:51
BRH:51
end_of_record
TN:
SF:src/services/userStatus.ts
FN:33,(anonymous_19)
FN:39,(anonymous_21)
FN:52,(anonymous_24)
FN:66,(anonymous_27)
FNF:4
FNH:4
FNDA:36,(anonymous_19)
FNDA:1,(anonymous_21)
FNDA:7,(anonymous_24)
FNDA:3,(anonymous_27)
DA:6,18
DA:33,18
DA:39,18
DA:40,1
DA:41,1
DA:43,1
DA:52,18
DA:53,7
DA:54,7
DA:55,7
DA:57,7
DA:66,18
DA:67,3
DA:68,3
DA:69,3
DA:71,3
DA:73,18
LF:17
LH:17
BRDA:57,0,0,2
BRDA:57,0,1,5
BRDA:57,1,0,7
BRDA:57,1,1,7
BRF:4
BRH:4
end_of_record
TN:
SF:src/services/userStatusChange.ts
FN:41,(anonymous_19)
FN:49,(anonymous_21)
FN:86,(anonymous_24)
FN:100,(anonymous_27)
FN:115,(anonymous_30)
FN:126,(anonymous_33)
FN:134,(anonymous_36)
FN:156,(anonymous_39)
FN:173,(anonymous_42)
FNF:9
FNH:9
FNDA:36,(anonymous_19)
FNDA:4,(anonymous_21)
FNDA:5,(anonymous_24)
FNDA:5,(anonymous_27)
FNDA:3,(anonymous_30)
FNDA:1,(anonymous_33)
FNDA:1,(anonymous_36)
FNDA:2,(anonymous_39)
FNDA:1,(anonymous_42)
DA:6,18
DA:41,18
DA:49,18
DA:53,4
DA:55,4
DA:56,4
DA:57,4
DA:59,5
DA:60,3
DA:67,3
DA:68,6
DA:70,3
DA:72,1
DA:73,1
DA:74,2
DA:76,1
DA:86,18
DA:87,5
DA:88,5
DA:89,5
DA:91,5
DA:100,18
DA:103,5
DA:104,5
DA:105,5
DA:107,5
DA:115,18
DA:116,3
DA:117,3
DA:118,6
DA:126,18
DA:127,1
DA:128,1
DA:129,1
DA:131,1
DA:134,18
DA:135,1
DA:146,1
DA:148,1
DA:156,18
DA:157,2
DA:159,3
DA:160,1
DA:161,1
DA:162,2
DA:164,2
DA:173,18
DA:174,2
DA:176,18
LF:49
LH:49
BRDA:53,0,0,4
BRDA:59,1,0,1
BRDA:59,1,1,3
BRDA:157,2,0,2
BRDA:159,3,0,1
BRDA:159,3,1,1
BRDA:174,4,0,1
BRF:7
BRH:7
end_of_record
TN:
SF:src/services/verify.ts
FN:33,(anonymous_19)
FN:41,(anonymous_21)
FN:87,(anonymous_24)
FN:101,(anonymous_27)
FN:114,(anonymous_30)
FN:125,(anonymous_33)
FN:147,(anonymous_36)
FNF:7
FNH:7
FNDA:36,(anonymous_19)
FNDA:11,(anonymous_21)
FNDA:5,(anonymous_24)
FNDA:8,(anonymous_27)
FNDA:6,(anonymous_30)
FNDA:3,(anonymous_33)
FNDA:4,(anonymous_36)
DA:6,18
DA:33,18
DA:41,18
DA:43,11
DA:46,11
DA:48,11
DA:49,2
DA:53,9
DA:54,9
DA:55,9
DA:57,9
DA:58,2
DA:62,7
DA:64,7
DA:71,7
DA:72,14
DA:74,7
DA:75,0
DA:78,7
DA:87,18
DA:88,5
DA:89,5
DA:90,5
DA:92,5
DA:101,18
DA:102,8
DA:103,8
DA:104,8
DA:106,8
DA:114,18
DA:115,6
DA:116,6
DA:117,12
DA:125,18
DA:126,3
DA:128,4
DA:129,2
DA:133,3
DA:134,2
DA:137,4
DA:147,18
DA:148,4
DA:150,4
DA:151,1
DA:154,3
DA:156,3
DA:157,2
DA:160,2
DA:161,2
DA:163,1
DA:165,18
LF:51
LH:50
BRDA:43,0,0,0
BRDA:43,0,1,11
BRDA:46,1,0,11
BRDA:48,2,0,2
BRDA:48,2,1,9
BRDA:57,3,0,2
BRDA:57,3,1,7
BRDA:74,4,0,0
BRDA:74,4,1,7
BRDA:126,5,0,3
BRDA:126,5,1,2
BRDA:128,6,0,1
BRDA:128,6,1,2
BRDA:133,7,0,1
BRDA:133,7,1,1
BRDA:133,8,0,2
BRDA:133,8,1,2
BRDA:148,9,0,4
BRDA:150,10,0,1
BRDA:150,10,1,3
BRDA:156,11,0,2
BRDA:156,11,1,1
BRF:22
BRH:20
end_of_record
