TN:
SF:src/services/admin.ts
FN:13,(anonymous_19)
FN:20,(anonymous_21)
FN:31,(anonymous_24)
FN:50,(anonymous_27)
FNF:4
FNH:4
FNDA:36,(anonymous_19)
FNDA:2,(anonymous_21)
FNDA:1,(anonymous_24)
FNDA:1,(anonymous_27)
DA:6,18
DA:13,18
DA:20,18
DA:21,2
DA:22,2
DA:23,2
DA:31,18
DA:32,1
DA:40,1
DA:42,1
DA:50,18
DA:51,1
DA:63,1
DA:65,1
DA:67,18
LF:15
LH:15
BRF:0
BRH:0
end_of_record
TN:
SF:src/services/adminFavorites.ts
FN:21,(anonymous_19)
FN:28,(anonymous_21)
FN:42,(anonymous_24)
FN:56,(anonymous_27)
FN:83,(anonymous_30)
FN:95,(anonymous_33)
FN:108,(anonymous_36)
FN:121,(anonymous_39)
FN:141,(anonymous_42)
FNF:9
FNH:9
FNDA:36,(anonymous_19)
FNDA:2,(anonymous_21)
FNDA:2,(anonymous_24)
FNDA:3,(anonymous_27)
FNDA:2,(anonymous_30)
FNDA:9,(anonymous_33)
FNDA:2,(anonymous_36)
FNDA:1,(anonymous_39)
FNDA:2,(anonymous_42)
DA:6,18
DA:21,18
DA:28,18
DA:29,2
DA:30,2
DA:31,2
DA:33,2
DA:42,18
DA:43,2
DA:44,2
DA:45,2
DA:47,2
DA:56,18
DA:57,3
DA:59,4
DA:60,2
DA:62,2
DA:69,2
DA:70,4
DA:72,2
DA:74,1
DA:83,18
DA:84,2
DA:85,2
DA:86,4
DA:95,18
DA:96,9
DA:97,9
DA:98,9
DA:100,9
DA:108,18
DA:109,2
DA:110,2
DA:111,2
DA:113,2
DA:121,18
DA:122,1
DA:129,1
DA:130,1
DA:132,1
DA:141,18
DA:142,2
DA:150,2
DA:151,2
DA:153,2
DA:155,18
LF:46
LH:46
BRDA:57,0,0,3
BRDA:57,0,1,1
BRDA:59,1,0,1
BRDA:59,1,1,2
BRF:4
BRH:4
end_of_record
TN:
SF:src/services/image.ts
FN:20,(anonymous_19)
FN:27,(anonymous_21)
FN:43,(anonymous_24)
FN:57,(anonymous_27)
FN:70,(anonymous_30)
FNF:5
FNH:5
FNDA:36,(anonymous_19)
FNDA:15,(anonymous_21)
FNDA:4,(anonymous_24)
FNDA:5,(anonymous_27)
FNDA:15,(anonymous_30)
DA:6,18
DA:20,18
DA:27,18
DA:28,15
DA:30,15
DA:31,15
DA:32,30
DA:34,15
DA:43,18
DA:44,4
DA:45,4
DA:46,4
DA:48,4
DA:57,18
DA:58,5
DA:59,5
DA:60,5
DA:62,5
DA:70,18
DA:71,15
DA:72,15
DA:73,30
DA:75,18
LF:23
LH:23
BRDA:28,0,0,15
BRF:1
BRH:1
end_of_record
TN:
SF:src/services/locationType.ts
FN:19,(anonymous_19)
FN:25,(anonymous_21)
FN:38,(anonymous_24)
FN:52,(anonymous_27)
FNF:4
FNH:4
FNDA:36,(anonymous_19)
FNDA:1,(anonymous_21)
FNDA:4,(anonymous_24)
FNDA:3,(anonymous_27)
DA:6,18
DA:19,18
DA:25,18
DA:26,1
DA:27,1
DA:29,1
DA:38,18
DA:39,4
DA:40,4
DA:41,4
DA:43,4
DA:52,18
DA:53,3
DA:54,3
DA:55,3
DA:57,3
DA:59,18
LF:17
LH:17
BRDA:43,0,0,1
BRDA:43,0,1,3
BRDA:43,1,0,4
BRDA:43,1,1,4
BRF:4
BRH:4
end_of_record
TN:
SF:src/services/meta.ts
FN:19,(anonymous_19)
FN:26,(anonymous_21)
FN:40,(anonymous_24)
FN:54,(anonymous_27)
FN:82,(anonymous_30)
FN:93,(anonymous_33)
FNF:6
FNH:6
FNDA:36,(anonymous_19)
FNDA:6,(anonymous_21)
FNDA:21,(anonymous_24)
FNDA:3,(anonymous_27)
FNDA:2,(anonymous_30)
FNDA:1,(anonymous_33)
DA:6,18
DA:19,18
DA:26,18
DA:27,6
DA:28,6
DA:29,6
DA:31,6
DA:40,18
DA:41,21
DA:42,21
DA:43,21
DA:45,21
DA:54,18
DA:55,3
DA:60,3
DA:61,2
DA:68,2
DA:70,1
DA:71,1
DA:74,6
DA:82,18
DA:83,2
DA:84,2
DA:85,4
DA:93,18
DA:94,1
DA:95,1
DA:96,1
DA:98,1
DA:100,18
LF:30
LH:30
BRDA:45,0,0,0
BRDA:45,0,1,21
BRDA:45,1,0,21
BRDA:45,1,1,21
BRDA:55,2,0,3
BRDA:60,3,0,2
BRDA:60,3,1,1
BRF:7
BRH:6
end_of_record
TN:
SF:src/services/passwordReset.ts
FN:26,(anonymous_19)
FN:34,(anonymous_21)
FN:92,(anonymous_24)
FN:106,(anonymous_27)
FN:119,(anonymous_30)
FN:132,(anonymous_33)
FNF:6
FNH:6
FNDA:36,(anonymous_19)
FNDA:5,(anonymous_21)
FNDA:3,(anonymous_24)
FNDA:3,(anonymous_27)
FNDA:3,(anonymous_30)
FNDA:2,(anonymous_33)
DA:6,18
DA:26,18
DA:34,18
DA:36,5
DA:39,5
DA:41,5
DA:42,1
DA:46,4
DA:47,4
DA:49,4
DA:50,1
DA:54,3
DA:55,3
DA:56,3
DA:58,3
DA:59,1
DA:63,2
DA:69,2
DA:76,2
DA:77,4
DA:79,2
DA:80,0
DA:83,2
DA:92,18
DA:93,3
DA:94,3
DA:95,3
DA:97,3
DA:106,18
DA:107,3
DA:108,3
DA:109,3
DA:111,3
DA:119,18
DA:120,3
DA:121,3
DA:122,6
DA:132,18
DA:136,2
DA:138,2
DA:139,1
DA:142,1
DA:144,1
DA:145,0
DA:148,2
DA:149,2
DA:151,1
DA:153,18
LF:48
LH:46
BRDA:36,0,0,0
BRDA:36,0,1,5
BRDA:39,1,0,5
BRDA:41,2,0,1
BRDA:41,2,1,4
BRDA:49,3,0,1
BRDA:49,3,1,3
BRDA:58,4,0,1
BRDA:58,4,1,2
BRDA:79,5,0,0
BRDA:79,5,1,2
BRDA:136,6,0,2
BRDA:138,7,0,1
BRDA:138,7,1,1
BRDA:144,8,0,0
BRDA:144,8,1,1
BRF:16
BRH:13
end_of_record
TN:
SF:src/services/post.ts
FN:35,(anonymous_19)
FN:52,(anonymous_21)
FN:107,(anonymous_24)
FN:121,(anonymous_27)
FN:134,(anonymous_30)
FN:155,(anonymous_33)
FN:172,(anonymous_36)
FN:189,(anonymous_39)
FN:208,(anonymous_42)
FN:213,(anonymous_45)
FN:223,(anonymous_46)
FN:238,(anonymous_47)
FN:252,(anonymous_50)
FN:264,(anonymous_53)
FN:275,(anonymous_56)
FN:288,(anonymous_59)
FN:302,(anonymous_62)
FN:316,(anonymous_65)
FNF:18
FNH:18
FNDA:36,(anonymous_19)
FNDA:8,(anonymous_21)
FNDA:5,(anonymous_24)
FNDA:3,(anonymous_27)
FNDA:6,(anonymous_30)
FNDA:1,(anonymous_33)
FNDA:1,(anonymous_36)
FNDA:2,(anonymous_39)
FNDA:13,(anonymous_42)
FNDA:2,(anonymous_45)
FNDA:2,(anonymous_46)
FNDA:2,(anonymous_47)
FNDA:1,(anonymous_50)
FNDA:2,(anonymous_53)
FNDA:5,(anonymous_56)
FNDA:2,(anonymous_59)
FNDA:2,(anonymous_62)
FNDA:2,(anonymous_65)
DA:6,18
DA:35,18
DA:52,18
DA:61,16
DA:62,16
DA:63,16
DA:65,8
DA:66,8
DA:67,8
DA:69,8
DA:78,8
DA:93,16
DA:95,16
DA:96,16
DA:98,8
DA:107,18
DA:108,5
DA:109,5
DA:110,5
DA:112,5
DA:121,18
DA:122,3
DA:123,3
DA:124,3
DA:126,3
DA:134,18
DA:135,6
DA:136,6
DA:137,6
DA:139,12
DA:141,6
DA:142,6
DA:143,12
DA:145,6
DA:146,12
DA:155,18
DA:156,1
DA:157,1
DA:158,1
DA:160,1
DA:161,1
DA:163,1
DA:172,18
DA:173,1
DA:174,1
DA:175,1
DA:177,1
DA:178,1
DA:180,1
DA:189,18
DA:190,2
DA:197,2
DA:198,2
DA:200,2
DA:208,18
DA:209,13
DA:210,13
DA:211,13
DA:213,13
DA:215,26
DA:216,4
DA:219,13
DA:220,13
DA:221,26
DA:223,13
DA:225,25
DA:226,1
DA:227,1
DA:228,2
DA:238,18
DA:239,2
DA:240,2
DA:241,2
DA:243,2
DA:252,18
DA:253,1
DA:254,1
DA:255,2
DA:264,18
DA:265,2
DA:275,18
DA:279,5
DA:288,18
DA:289,2
DA:290,2
DA:291,2
DA:293,2
DA:302,18
DA:304,4
DA:306,2
DA:307,2
DA:308,4
DA:316,18
DA:317,2
DA:333,2
DA:335,2
DA:337,18
LF:97
LH:97
BRDA:61,0,0,8
BRDA:61,0,1,0
BRDA:62,1,0,8
BRDA:62,1,1,0
BRDA:63,2,0,8
BRDA:63,2,1,0
BRDA:65,3,0,8
BRDA:145,4,0,0
BRDA:145,4,1,6
BRDA:145,5,0,6
BRDA:145,5,1,6
BRDA:160,6,0,0
BRDA:160,6,1,1
BRDA:160,7,0,1
BRDA:160,7,1,1
BRDA:177,8,0,0
BRDA:177,8,1,1
BRDA:177,9,0,1
BRDA:177,9,1,1
BRDA:215,10,0,13
BRDA:215,10,1,2
BRDA:225,11,0,12
BRDA:225,11,1,1
BRDA:243,12,0,0
BRDA:243,12,1,2
BRDA:243,13,0,2
BRDA:243,13,1,2
BRDA:265,14,0,2
BRDA:265,14,1,2
BRDA:279,15,0,5
BRDA:279,15,1,5
BRDA:293,16,0,0
BRDA:293,16,1,2
BRDA:293,17,0,2
BRDA:293,17,1,2
BRDA:304,18,0,2
BRDA:304,18,1,0
BRF:37
BRH:28
end_of_record
TN:
SF:src/services/postImage.ts
FN:20,(anonymous_19)
FN:27,(anonymous_21)
FN:49,(anonymous_24)
FN:68,(anonymous_27)
FN:85,(anonymous_30)
FN:105,(anonymous_33)
FN:118,(anonymous_36)
FN:123,(anonymous_39)
FNF:8
FNH:8
FNDA:36,(anonymous_19)
FNDA:7,(anonymous_21)
FNDA:13,(anonymous_24)
FNDA:12,(anonymous_27)
FNDA:14,(anonymous_30)
FNDA:7,(anonymous_33)
FNDA:9,(anonymous_36)
FNDA:13,(anonymous_39)
DA:6,18
DA:20,18
DA:27,18
DA:28,7
DA:37,7
DA:38,7
DA:40,7
DA:49,18
DA:50,13
DA:57,13
DA:58,26
DA:68,18
DA:72,12
DA:73,24
DA:75,12
DA:85,18
DA:89,14
DA:91,34
DA:92,10
DA:93,10
DA:96,14
DA:105,18
DA:106,7
DA:107,7
DA:108,7
DA:110,7
DA:118,18
DA:119,9
DA:120,9
DA:121,9
DA:123,13
DA:125,9
DA:126,9
DA:127,18
DA:129,9
DA:130,9
DA:131,9
DA:132,18
DA:135,18
LF:39
LH:39
BRDA:72,0,0,12
BRDA:96,1,0,14
BRDA:91,2,0,14
BRDA:91,2,1,10
BRDA:129,3,0,0
BRDA:129,3,1,9
BRF:6
BRH:5
end_of_record
TN:
SF:src/services/program.ts
FN:19,(anonymous_19)
FN:26,(anonymous_21)
FN:47,(anonymous_24)
FN:61,(anonymous_27)
FN:73,(anonymous_30)
FN:85,(anonymous_33)
FN:99,(anonymous_36)
FN:113,(anonymous_39)
FN:127,(anonymous_42)
FNF:9
FNH:9
FNDA:36,(anonymous_19)
FNDA:1,(anonymous_21)
FNDA:2,(anonymous_24)
FNDA:2,(anonymous_27)
FNDA:1,(anonymous_30)
FNDA:3,(anonymous_33)
FNDA:2,(anonymous_36)
FNDA:1,(anonymous_39)
FNDA:1,(anonymous_42)
DA:6,18
DA:19,18
DA:26,18
DA:27,1
DA:34,1
DA:35,1
DA:36,1
DA:38,1
DA:47,18
DA:48,2
DA:49,2
DA:50,2
DA:52,2
DA:61,18
DA:62,2
DA:63,2
DA:64,2
DA:66,2
DA:73,18
DA:74,1
DA:75,1
DA:76,2
DA:85,18
DA:86,3
DA:87,3
DA:88,3
DA:90,3
DA:99,18
DA:103,2
DA:104,2
DA:105,4
DA:113,18
DA:114,1
DA:115,1
DA:116,1
DA:118,1
DA:127,18
DA:128,1
DA:129,1
DA:130,1
DA:132,1
DA:134,18
LF:42
LH:42
BRDA:38,0,0,0
BRDA:38,0,1,1
BRDA:38,1,0,1
BRDA:38,1,1,1
BRF:4
BRH:3
end_of_record
TN:
SF:src/services/query.ts
FN:33,(anonymous_19)
FN:40,(anonymous_21)
FN:74,(anonymous_24)
FNF:3
FNH:3
FNDA:36,(anonymous_19)
FNDA:4,(anonymous_21)
FNDA:11,(anonymous_24)
DA:6,18
DA:33,18
DA:40,18
DA:41,4
DA:43,4
DA:60,4
DA:61,4
DA:63,4
DA:74,18
DA:77,21
DA:79,11
DA:86,11
DA:94,11
DA:119,11
DA:131,11
DA:133,11
DA:134,11
DA:136,11
DA:137,5
DA:138,1
DA:140,1
DA:145,1
DA:146,4
DA:147,4
DA:148,4
DA:152,11
DA:153,11
DA:155,11
DA:157,18
LF:29
LH:29
BRDA:77,0,0,10
BRDA:77,0,1,1
BRDA:94,1,0,10
BRDA:94,1,1,1
BRDA:137,2,0,1
BRDA:137,2,1,4
BRDA:146,3,0,4
BRDA:146,3,1,0
BRF:8
BRH:7
end_of_record
TN:
SF:src/services/rating.ts
FN:36,(anonymous_20)
FN:43,(anonymous_22)
FN:67,(anonymous_25)
FN:81,(anonymous_28)
FN:94,(anonymous_31)
FNF:5
FNH:5
FNDA:36,(anonymous_20)
FNDA:9,(anonymous_22)
FNDA:2,(anonymous_25)
FNDA:3,(anonymous_28)
FNDA:7,(anonymous_31)
DA:6,18
DA:36,18
DA:43,18
DA:44,9
DA:45,9
DA:46,9
DA:48,9
DA:55,9
DA:56,18
DA:58,9
DA:67,18
DA:68,2
DA:69,2
DA:70,2
DA:72,2
DA:81,18
DA:82,3
DA:83,3
DA:84,3
DA:86,3
DA:94,18
DA:95,7
DA:96,7
DA:97,14
DA:99,18
LF:25
LH:25
BRDA:44,0,0,9
BRF:1
BRH:1
end_of_record
TN:
SF:src/services/session.ts
FN:28,(anonymous_19)
FN:36,(anonymous_21)
FN:70,(anonymous_24)
FN:84,(anonymous_27)
FN:97,(anonymous_30)
FN:109,(anonymous_33)
FN:122,(anonymous_36)
FN:134,(anonymous_39)
FN:148,(anonymous_42)
FN:163,(anonymous_45)
FNF:10
FNH:10
FNDA:36,(anonymous_19)
FNDA:3,(anonymous_21)
FNDA:5,(anonymous_24)
FNDA:2,(anonymous_27)
FNDA:1,(anonymous_30)
FNDA:2,(anonymous_33)
FNDA:14,(anonymous_36)
FNDA:2,(anonymous_39)
FNDA:1,(anonymous_42)
FNDA:1,(anonymous_45)
DA:6,18
DA:28,18
DA:36,18
DA:38,3
DA:40,3
DA:46,3
DA:53,3
DA:54,3
DA:55,6
DA:57,3
DA:58,0
DA:61,3
DA:70,18
DA:71,5
DA:72,5
DA:73,5
DA:75,5
DA:84,18
DA:85,2
DA:86,2
DA:87,2
DA:89,2
DA:97,18
DA:98,1
DA:99,1
DA:100,2
DA:109,18
DA:110,2
DA:111,2
DA:112,2
DA:114,2
DA:122,18
DA:123,14
DA:124,14
DA:125,28
DA:134,18
DA:135,2
DA:136,2
DA:137,2
DA:139,2
DA:148,18
DA:149,1
DA:151,1
DA:152,1
DA:153,1
DA:155,1
DA:163,18
DA:165,1
DA:167,1
DA:168,1
DA:169,2
DA:171,1
DA:172,0
DA:175,18
LF:54
LH:52
BRDA:38,0,0,0
BRDA:38,0,1,3
BRDA:40,1,0,3
BRDA:57,2,0,0
BRDA:57,2,1,3
BRDA:139,3,0,0
BRDA:139,3,1,2
BRDA:139,4,0,2
BRDA:139,4,1,2
BRDA:149,5,0,1
BRDA:165,6,0,0
BRDA:165,6,1,1
BRDA:171,7,0,0
BRDA:171,7,1,1
BRF:14
BRH:9
end_of_record
TN:
SF:src/services/suspended.ts
FN:22,(anonymous_19)
FN:31,(anonymous_21)
FN:69,(anonymous_24)
FN:83,(anonymous_27)
FN:96,(anonymous_30)
FN:108,(anonymous_33)
FN:121,(anonymous_36)
FNF:7
FNH:7
FNDA:36,(anonymous_19)
FNDA:1,(anonymous_21)
FNDA:2,(anonymous_24)
FNDA:2,(anonymous_27)
FNDA:2,(anonymous_30)
FNDA:7,(anonymous_33)
FNDA:1,(anonymous_36)
DA:6,18
DA:22,18
DA:31,18
DA:34,1
DA:36,1
DA:38,1
DA:39,1
DA:40,1
DA:42,1
DA:43,1
DA:50,1
DA:51,2
DA:53,2
DA:55,1
DA:56,0
DA:59,1
DA:69,18
DA:70,2
DA:71,2
DA:72,2
DA:74,2
DA:83,18
DA:84,2
DA:85,2
DA:86,2
DA:88,2
DA:96,18
DA:97,2
DA:98,2
DA:99,4
DA:108,18
DA:109,7
DA:110,7
DA:111,7
DA:113,7
DA:121,18
DA:122,1
DA:131,1
DA:133,1
DA:135,18
LF:40
LH:39
BRDA:34,0,0,0
BRDA:34,0,1,1
BRDA:36,1,0,1
BRDA:42,2,0,0
BRDA:42,2,1,1
BRDA:55,3,0,0
BRDA:55,3,1,1
BRF:7
BRH:4
end_of_record
TN:
SF:src/services/user.ts
FN:18,(anonymous_19)
FN:46,(anonymous_20)
FN:57,(anonymous_22)
FN:94,(anonymous_25)
FN:108,(anonymous_28)
FN:121,(anonymous_31)
FN:137,(anonymous_34)
FN:151,(anonymous_37)
FN:166,(anonymous_40)
FN:197,(anonymous_43)
FN:214,(anonymous_46)
FN:228,(anonymous_49)
FN:243,(anonymous_52)
FN:257,(anonymous_55)
FN:271,(anonymous_58)
FN:291,(anonymous_61)
FN:305,(anonymous_64)
FN:317,(anonymous_67)
FN:334,(anonymous_70)
FN:354,(anonymous_73)
FN:373,(anonymous_76)
FN:389,(anonymous_79)
FNF:22
FNH:22
FNDA:18,(anonymous_19)
FNDA:36,(anonymous_20)
FNDA:13,(anonymous_22)
FNDA:4,(anonymous_25)
FNDA:25,(anonymous_28)
FNDA:12,(anonymous_31)
FNDA:9,(anonymous_34)
FNDA:15,(anonymous_37)
FNDA:7,(anonymous_40)
FNDA:1,(anonymous_43)
FNDA:7,(anonymous_46)
FNDA:15,(anonymous_49)
FNDA:2,(anonymous_52)
FNDA:4,(anonymous_55)
FNDA:1,(anonymous_58)
FNDA:2,(anonymous_61)
FNDA:1,(anonymous_64)
FNDA:3,(anonymous_67)
FNDA:1,(anonymous_70)
FNDA:13,(anonymous_73)
FNDA:2,(anonymous_76)
FNDA:9,(anonymous_79)
DA:6,18
DA:18,18
DA:19,18
DA:20,18
DA:21,18
DA:46,18
DA:57,18
DA:64,13
DA:65,13
DA:67,13
DA:74,13
DA:83,26
DA:85,13
DA:94,18
DA:95,4
DA:96,4
DA:97,4
DA:99,4
DA:108,18
DA:109,25
DA:110,25
DA:111,25
DA:113,25
DA:121,18
DA:122,24
DA:123,24
DA:124,24
DA:126,12
DA:127,12
DA:128,24
DA:137,18
DA:138,9
DA:139,9
DA:140,9
DA:142,9
DA:151,18
DA:152,15
DA:153,15
DA:154,15
DA:156,15
DA:166,18
DA:167,7
DA:168,7
DA:169,7
DA:171,7
DA:172,7
DA:173,7
DA:174,3
DA:177,4
DA:180,4
DA:181,1
DA:184,3
DA:185,3
DA:186,6
DA:188,3
DA:197,18
DA:198,1
DA:199,1
DA:200,1
DA:202,1
DA:203,1
DA:205,1
DA:214,18
DA:215,7
DA:216,7
DA:217,7
DA:219,7
DA:228,18
DA:230,28
DA:232,15
DA:233,15
DA:234,30
DA:243,18
DA:244,2
DA:245,2
DA:246,2
DA:248,2
DA:257,18
DA:259,7
DA:261,4
DA:262,4
DA:263,8
DA:271,18
DA:272,1
DA:280,1
DA:282,1
DA:291,18
DA:292,2
DA:293,2
DA:294,2
DA:296,2
DA:305,18
DA:306,1
DA:307,1
DA:308,2
DA:317,18
DA:318,3
DA:319,3
DA:320,3
DA:322,3
DA:323,3
DA:325,3
DA:334,18
DA:335,1
DA:336,1
DA:337,1
DA:339,1
DA:341,1
DA:342,1
DA:343,2
DA:345,1
DA:346,2
DA:354,18
DA:355,13
DA:356,13
DA:357,13
DA:359,13
DA:360,13
DA:361,26
DA:363,13
DA:364,26
DA:373,18
DA:377,2
DA:379,2
DA:380,2
DA:381,4
DA:389,18
DA:390,9
DA:391,9
DA:392,18
DA:394,18
LF:131
LH:131
BRDA:18,0,0,18
BRDA:18,0,1,18
BRDA:64,1,0,13
BRDA:122,2,0,12
BRDA:171,3,0,7
BRDA:171,3,1,1
BRDA:171,4,0,1
BRDA:171,4,1,6
BRDA:171,5,0,7
BRDA:171,5,1,7
BRDA:173,6,0,3
BRDA:173,6,1,4
BRDA:173,7,0,7
BRDA:173,7,1,6
BRDA:180,8,0,1
BRDA:180,8,1,3
BRDA:202,9,0,0
BRDA:202,9,1,1
BRDA:202,10,0,1
BRDA:202,10,1,1
BRDA:219,11,0,0
BRDA:219,11,1,7
BRDA:219,12,0,7
BRDA:219,12,1,7
BRDA:230,13,0,13
BRDA:230,13,1,2
BRDA:248,14,0,0
BRDA:248,14,1,2
BRDA:248,15,0,2
BRDA:248,15,1,2
BRDA:259,16,0,3
BRDA:259,16,1,1
BRDA:296,17,0,0
BRDA:296,17,1,2
BRDA:296,18,0,2
BRDA:296,18,1,2
BRDA:305,19,0,1
BRDA:305,19,1,0
BRDA:322,20,0,0
BRDA:322,20,1,3
BRDA:322,21,0,3
BRDA:322,21,1,3
BRDA:345,22,0,0
BRDA:345,22,1,1
BRDA:345,23,0,1
BRDA:345,23,1,1
BRDA:363,24,0,0
BRDA:363,24,1,13
BRDA:363,25,0,13
BRDA:363,25,1,13
BRDA:377,26,0,2
BRF:51
BRH:43
end_of_record
TN:
SF:src/services/userStatus.ts
FN:19,(anonymous_19)
FN:25,(anonymous_21)
FN:38,(anonymous_24)
FN:52,(anonymous_27)
FNF:4
FNH:4
FNDA:36,(anonymous_19)
FNDA:1,(anonymous_21)
FNDA:6,(anonymous_24)
FNDA:3,(anonymous_27)
DA:6,18
DA:19,18
DA:25,18
DA:26,1
DA:27,1
DA:29,1
DA:38,18
DA:39,6
DA:40,6
DA:41,6
DA:43,6
DA:52,18
DA:53,3
DA:54,3
DA:55,3
DA:57,3
DA:59,18
LF:17
LH:17
BRDA:43,0,0,1
BRDA:43,0,1,5
BRDA:43,1,0,6
BRDA:43,1,1,6
BRF:4
BRH:4
end_of_record
TN:
SF:src/services/userStatusChange.ts
FN:22,(anonymous_19)
FN:30,(anonymous_21)
FN:67,(anonymous_24)
FN:81,(anonymous_27)
FN:96,(anonymous_30)
FN:107,(anonymous_33)
FN:115,(anonymous_36)
FN:137,(anonymous_39)
FN:154,(anonymous_42)
FNF:9
FNH:9
FNDA:36,(anonymous_19)
FNDA:4,(anonymous_21)
FNDA:4,(anonymous_24)
FNDA:4,(anonymous_27)
FNDA:3,(anonymous_30)
FNDA:1,(anonymous_33)
FNDA:1,(anonymous_36)
FNDA:1,(anonymous_39)
FNDA:1,(anonymous_42)
DA:6,18
DA:22,18
DA:30,18
DA:34,4
DA:36,4
DA:37,4
DA:38,4
DA:40,5
DA:41,3
DA:48,3
DA:49,6
DA:51,3
DA:53,1
DA:54,1
DA:55,2
DA:57,1
DA:67,18
DA:68,4
DA:69,4
DA:70,4
DA:72,4
DA:81,18
DA:84,4
DA:85,4
DA:86,4
DA:88,4
DA:96,18
DA:97,3
DA:98,3
DA:99,6
DA:107,18
DA:108,1
DA:109,1
DA:110,1
DA:112,1
DA:115,18
DA:116,1
DA:127,1
DA:129,1
DA:137,18
DA:138,1
DA:140,1
DA:141,1
DA:142,1
DA:143,2
DA:145,2
DA:154,18
DA:155,2
DA:157,18
LF:49
LH:49
BRDA:34,0,0,4
BRDA:40,1,0,1
BRDA:40,1,1,3
BRDA:138,2,0,1
BRDA:140,3,0,0
BRDA:140,3,1,1
BRDA:155,4,0,1
BRF:7
BRH:6
end_of_record
TN:
SF:src/services/verify.ts
FN:26,(anonymous_19)
FN:34,(anonymous_21)
FN:80,(anonymous_24)
FN:94,(anonymous_27)
FN:107,(anonymous_30)
FN:118,(anonymous_33)
FN:140,(anonymous_36)
FNF:7
FNH:7
FNDA:36,(anonymous_19)
FNDA:7,(anonymous_21)
FNDA:4,(anonymous_24)
FNDA:6,(anonymous_27)
FNDA:4,(anonymous_30)
FNDA:2,(anonymous_33)
FNDA:3,(anonymous_36)
DA:6,18
DA:26,18
DA:34,18
DA:36,7
DA:39,7
DA:41,7
DA:42,2
DA:46,5
DA:47,5
DA:48,5
DA:50,5
DA:51,1
DA:55,4
DA:57,4
DA:64,4
DA:65,8
DA:67,4
DA:68,0
DA:71,4
DA:80,18
DA:81,4
DA:82,4
DA:83,4
DA:85,4
DA:94,18
DA:95,6
DA:96,6
DA:97,6
DA:99,6
DA:107,18
DA:108,4
DA:109,4
DA:110,8
DA:118,18
DA:119,2
DA:121,3
DA:122,1
DA:126,1
DA:127,2
DA:130,2
DA:140,18
DA:141,3
DA:143,3
DA:144,1
DA:147,2
DA:149,2
DA:150,1
DA:153,2
DA:154,2
DA:156,1
DA:158,18
LF:51
LH:50
BRDA:36,0,0,0
BRDA:36,0,1,7
BRDA:39,1,0,7
BRDA:41,2,0,2
BRDA:41,2,1,5
BRDA:50,3,0,1
BRDA:50,3,1,4
BRDA:67,4,0,0
BRDA:67,4,1,4
BRDA:119,5,0,2
BRDA:119,5,1,1
BRDA:121,6,0,1
BRDA:121,6,1,1
BRDA:126,7,0,0
BRDA:126,7,1,1
BRDA:126,8,0,1
BRDA:126,8,1,1
BRDA:141,9,0,3
BRDA:143,10,0,1
BRDA:143,10,1,2
BRDA:149,11,0,1
BRDA:149,11,1,1
BRF:22
BRH:19
end_of_record
